<?xml version="1.0" encoding="UTF-8"?>
<testsuites tests="47" failures="0" errors="0" time="0.000295">
	<testsuite tests="46" failures="0" time="0.000000" name="github.com/go-cnfg/cnfg" timestamp="2026-09-15T13:39:15+03:00">
		<properties>
			<property name="go.version" value="go1.26.8 linux/amd64"></property>
		</properties>
		<testcase classname="github.com/go-cnfg/cnfg" name="TestDefaultsAreKept" time="0.000000"></testcase>
		<testcase classname="github.com/go-cnfg/cnfg" name="TestNoParsers" time="0.000000"></testcase>
		<testcase classname="github.com/go-cnfg/cnfg" name="TestPrecedence" time="0.000000"></testcase>
		<testcase classname="github.com/go-cnfg/cnfg" name="TestParserOrder" time="0.000000"></testcase>
		<testcase classname="github.com/go-cnfg/cnfg" name="TestCustomParser" time="0.000000"></testcase>
		<testcase classname="github.com/go-cnfg/cnfg" name="TestFile" time="0.000000"></testcase>
		<testcase classname="github.com/go-cnfg/cnfg" name="TestFlags" time="0.000000"></testcase>
		<testcase classname="github.com/go-cnfg/cnfg" name="TestEnv" time="0.000000"></testcase>
		<testcase classname="github.com/go-cnfg/cnfg" name="TestEnvPrefix" time="0.000000"></testcase>
		<testcase classname="github.com/go-cnfg/cnfg" name="TestEnvFromProcess" time="0.000000"></testcase>
		<testcase classname="github.com/go-cnfg/cnfg" name="TestFileFlag" time="0.000000"></testcase>
		<testcase classname="github.com/go-cnfg/cnfg" name="TestFileFlagMissing" time="0.000000"></testcase>
		<testcase classname="github.com/go-cnfg/cnfg" name="TestOptional" time="0.000000"></testcase>
		<testcase classname="github.com/go-cnfg/cnfg" name="TestCustomDecoder" time="0.000000"></testcase>
		<testcase classname="github.com/go-cnfg/cnfg" name="TestErrors/invalid_env_value" time="0.000000"></testcase>
		<testcase classname="github.com/go-cnfg/cnfg" name="TestErrors/invalid_flag_value" time="0.000000"></testcase>
		<testcase classname="github.com/go-cnfg/cnfg" name="TestErrors/unknown_flag" time="0.000000"></testcase>
		<testcase classname="github.com/go-cnfg/cnfg" name="TestErrors/help" time="0.000000"></testcase>
		<testcase classname="github.com/go-cnfg/cnfg" name="TestErrors/broken_file" time="0.000000"></testcase>
		<testcase classname="github.com/go-cnfg/cnfg" name="TestErrors" time="0.000000"></testcase>
		<testcase classname="github.com/go-cnfg/cnfg" name="TestNotStruct" time="0.000000"></testcase>
		<testcase classname="github.com/go-cnfg/cnfg" name="TestDuplicateName" time="0.000000"></testcase>
		<testcase classname="github.com/go-cnfg/cnfg" name="TestEmbedded" time="0.000000"></testcase>
		<testcase classname="github.com/go-cnfg/cnfg" name="TestFlagSetArgs" time="0.000000"></testcase>
		<testcase classname="github.com/go-cnfg/cnfg" name="TestUsage" time="0.000000"></testcase>
		<testcase classname="github.com/go-cnfg/cnfg" name="TestUsageWithoutName" time="0.000000"></testcase>
		<testcase classname="github.com/go-cnfg/cnfg" name="TestDecodeGlob" time="0.000000"></testcase>
		<testcase classname="github.com/go-cnfg/cnfg" name="TestDecodeGlobNoMatches" time="0.000000"></testcase>
		<testcase classname="github.com/go-cnfg/cnfg" name="TestDecodeGlobSkipsDirs" time="0.000000"></testcase>
		<testcase classname="github.com/go-cnfg/cnfg" name="TestDecodeGlobBrokenFile" time="0.000000"></testcase>
		<testcase classname="github.com/go-cnfg/cnfg" name="TestDecodeGlobBadPattern" time="0.000000"></testcase>
		<testcase classname="github.com/go-cnfg/cnfg" name="TestDecodeDir" time="0.000000"></testcase>
		<testcase classname="github.com/go-cnfg/cnfg" name="TestDecodeDirMissing" time="0.000000"></testcase>
		<testcase classname="github.com/go-cnfg/cnfg" name="TestTypesFromFlags" time="0.000000"></testcase>
		<testcase classname="github.com/go-cnfg/cnfg" name="TestTypesFromFile" time="0.000000"></testcase>
		<testcase classname="github.com/go-cnfg/cnfg" name="TestInvalidFileValues/wrong_scalar" time="0.000000"></testcase>
		<testcase classname="github.com/go-cnfg/cnfg" name="TestInvalidFileValues/list_as_struct" time="0.000000"></testcase>
		<testcase classname="github.com/go-cnfg/cnfg" name="TestInvalidFileValues/struct_as_scalar" time="0.000000"></testcase>
		<testcase classname="github.com/go-cnfg/cnfg" name="TestInvalidFileValues/flag_value" time="0.000000"></testcase>
		<testcase classname="github.com/go-cnfg/cnfg" name="TestInvalidFileValues" time="0.000000"></testcase>
		<testcase classname="github.com/go-cnfg/cnfg" name="TestEnvSlices" time="0.000000"></testcase>
		<testcase classname="github.com/go-cnfg/cnfg" name="ExampleParse" time="0.000000"></testcase>
		<testcase classname="github.com/go-cnfg/cnfg" name="ExampleParser" time="0.000000"></testcase>
		<testcase classname="github.com/go-cnfg/cnfg" name="ExampleFlagSet" time="0.000000"></testcase>
		<testcase classname="github.com/go-cnfg/cnfg" name="ExampleParser_validation" time="0.000000"></testcase>
		<testcase classname="github.com/go-cnfg/cnfg" name="ExampleDecodeGlob" time="0.000000"></testcase>
	</testsuite>
	<testsuite tests="1" failures="0" time="0.000000" name="github.com/go-cnfg/cnfg/strerr" timestamp="2026-09-15T13:39:15+03:00">
		<properties>
			<property name="go.version" value="go1.26.8 linux/amd64"></property>
		</properties>
		<testcase classname="github.com/go-cnfg/cnfg/strerr" name="TestError" time="0.000000"></testcase>
	</testsuite>
</testsuites>