<?xml version="1.0" encoding="UTF-8"?>
<testsuites tests="4" failures="0" errors="0" time="0.000071">
	<testsuite tests="4" failures="0" time="0.000000" name="github.com/go-cnfg/cnfg/toml" timestamp="2026-09-15T13:36:21+03:00">
		<properties>
			<property name="go.version" value="go1.26.8 linux/amd64"></property>
		</properties>
		<testcase classname="github.com/go-cnfg/cnfg/toml" name="TestFile" time="0.000000"></testcase>
		<testcase classname="github.com/go-cnfg/cnfg/toml" name="TestFileFlag" time="0.000000"></testcase>
		<testcase classname="github.com/go-cnfg/cnfg/toml" name="TestOptional" time="0.000000"></testcase>
		<testcase classname="github.com/go-cnfg/cnfg/toml" name="TestBrokenFile" time="0.000000"></testcase>
	</testsuite>
</testsuites>